		                                  "NULL_STRING" = "NULL!"
		                                         "NONE" = "NONE"
		                                          "SCV" = "WBF"
		                                       "MARINE" = "Space-Marine"
		                                        "GHOST" = "Geist"
		                                      "VULTURE" = "Adler"
		                                      "GOLIATH" = "Goliath"
		                                   "SIEGE_TANK" = "Belagerungspanzer"
		                                      "FIREBAT" = "Feuerfresser"
		                                        "MEDIC" = "Sanitäter"
		                                       "WRAITH" = "Raumjäger"
		                               "SCIENCE_VESSEL" = "Forschungsschiff"
		                                     "DROPSHIP" = "Landefrachter"
		                               "BATTLE_CRUISER" = "Schwerer Kreuzer"
		                                     "VALKYRIE" = "Walküre"
		                              "NUCLEAR_WARHEAD" = "Nuklearrakete"
		                                 "SUPPLY_DEPOT" = "Versorgungsdepot"
		                                     "BARRACKS" = "Kaserne"
		                                      "ACADEMY" = "Akademie"
		                                      "FACTORY" = "Fabrik"
		                               "COMMAND_CENTER" = "Kommandozentrale"
		                                     "STARPORT" = "Raumhafen"
		                             "SCIENCE_FACILITY" = "Wiss. Institut"
		                              "ENGINEERING_BAY" = "Maschinendock"
		                                       "ARMORY" = "Waffenlager"
		                               "MISSILE_TURRET" = "Raketenturm"
		                                       "BUNKER" = "Bunker"
		                               "COMSAT_STATION" = "Comsat-Station"
		                                 "NUCLEAR_SILO" = "Nuklearsilo"
		                                "CONTROL_TOWER" = "Kontrollturm"
		                                   "COVERT_OPS" = "Geheimdienstzentrum"
		                                  "PHYSICS_LAB" = "Physiklabor"
		                                 "MACHINE_SHOP" = "Werkstatt"
		                            "COMMAND_CENTER_CS" = "Kommandozentrale [CS]"
		                            "COMMAND_CENTER_NS" = "Kommandozentrale [NS]"
		                                  "STARPORT_CT" = "Raumhafen [KT]"
		                          "SCIENCE_FACILITY_CO" = "Wiss. Institut [GD]"
		                          "SCIENCE_FACILITY_PL" = "Wiss. Institut [PL]"
		                                   "FACTORY_MS" = "Fabrik [WS]"
		                                   "STIM_PACKS" = "StimPacks"
		                                     "LOCKDOWN" = "Stopper"
		                                "EMP_SHOCKWAVE" = "EMP-Schockwelle"
		                                 "SPIDER_MINES" = "Spinnenminen"
		                              "TANK_SIEGE_MODE" = "Panzerbelagerungsmodus"
		                                    "IRRADIATE" = "Bestrahlung"
		                                   "YAMATO_GUN" = "Yamato-Kanone"
		                               "CLOAKING_FIELD" = "Tarnfeld"
		                           "PERSONNEL_CLOAKING" = "Einzeltarnung"
		                                  "RESTORATION" = "Wiederherstellung"
		                                "OPTICAL_FLARE" = "Blendgranate"
		                                  "U238_SHELLS" = "U-238-Geschosse"
		                                "ION_THRUSTERS" = "Ionenantrieb"
		                                "TITAN_REACTOR" = "Titan-Reaktor"
		                              "OCULAR_IMPLANTS" = "Okular-Implantate"
		                              "MOEBIUS_REACTOR" = "Möbius-Reaktor"
		                               "APOLLO_REACTOR" = "Apollo-Reaktor"
		                             "COLOSSUS_REACTOR" = "Kolossus-Reaktor"
		                             "CADUCEUS_REACTOR" = "Mercurius-Reaktor"
		                               "CHARON_BOOSTER" = "Charon-Booster"
		                               "INFANTRY_ARMOR" = "Infanterie-Panzerung"
		                             "INFANTRY_WEAPONS" = "Infanterie-Waffen"
		                              "VEHICLE_PLATING" = "Fahrzeug-Panzerung"
		                              "VEHICLE_WEAPONS" = "Fahrzeug-Waffen"
		                                 "SHIP_PLATING" = "Schiff-Panzerung"
		                                 "SHIP_WEAPONS" = "Schiff-Waffen"
		                                     "REFINERY" = "Raffinerie"
		                                      "GAS_SCV" = "Gas WBF"
		                             "BUILD_PARALLEL_2" = "Baue parallel zwei"
		                             "BUILD_PARALLEL_4" = "Baue parallel vier"
		                             "BUILD_PARALLEL_8" = "Baue parallel acht"
		                            "BUILD_PARALLEL_16" = "Baue parallel sechzehn"
		                         "FROM_GAS_TO_MINERALS" = "Alle vom Gas zu Mineralien"
		                                    "LAST_UNIT" = "RESET"
		                               "VESPENE_GEYSIR" = "Vespin-Geysir"
		                                "MINERAL_PATCH" = "Mineralienfeld"
		                                      "NULL100" = "NULL"
		                                 "R_STIM_PACKS" = "R_STIM_PACKS"
		                                   "R_LOCKDOWN" = "R_LOCKDOWN"
		                              "R_EMP_SHOCKWAVE" = "R_EMP_SHOCKWAVE"
		                               "R_SPIDER_MINES" = "R_SPIDER_MINES"
		                            "R_TANK_SIEGE_MODE" = "R_TANK_SIEGE_MODE"
		                                  "R_IRRADIATE" = "R_IRRADIATE"
		                                 "R_YAMATO_GUN" = "R_YAMATO_GUN"
		                             "R_CLOAKING_FIELD" = "R_CLOAKING_FIELD"
		                         "R_PERSONNEL_CLOAKING" = "R_PERSONNEL_CLOAKING"
		                                "R_RESTORATION" = "R_RESTORATION"
		                              "R_OPTICAL_FLARE" = "R_OPTICAL_FLARE"
		                                "R_U238_SHELLS" = "R_U238_SHELLS"
		                              "R_ION_THRUSTERS" = "R_ION_THRUSTERS"
		                              "R_TITAN_REACTOR" = "R_TITAN_REACTOR"
		                            "R_OCULAR_IMPLANTS" = "R_OCULAR_IMPLANTS"
		                            "R_MOEBIUS_REACTOR" = "R_MOEBIUS_REACTOR"
		                             "R_APOLLO_REACTOR" = "R_APOLLO_REACTOR"
		                           "R_COLOSSUS_REACTOR" = "R_COLOSSUS_REACTOR"
		                           "R_CADUCEUS_REACTOR" = "R_CADUCEUS_REACTOR"
		                             "R_CHARON_BOOSTER" = "R_CHARON_BOOSTER"
		                             "R_INFANTRY_ARMOR" = "R_INFANTRY_ARMOR"
		                           "R_INFANTRY_WEAPONS" = "R_INFANTRY_WEAPONS"
		                            "R_VEHICLE_PLATING" = "R_VEHICLE_PLATING"
		                            "R_VEHICLE_WEAPONS" = "R_VEHICLE_WEAPONS"
		                               "R_SHIP_PLATING" = "R_SHIP_PLATING"
		                               "R_SHIP_WEAPONS" = "R_SHIP_WEAPONS"
		                              "F_FACTORY_ADDON" = "F_FACTORY_ADDON"
		                             "F_STARPORT_ADDON" = "F_STARPORT_ADDON"
		                       "F_COMMAND_CENTER_ADDON" = "F_COMMAND_CENTER_ADDON"
		                     "F_SCIENCE_FACILITY_ADDON" = "F_SCIENCE_FACILITY_ADDON"
		                                      "INTRONT" = "INTRON"
		                                        "NULL0" = "NULL"
		                                        "PROBE" = "Sonde"
		                                 "DARK_TEMPLAR" = "Dunkler Templer"
		                                  "DARK_ARCHON" = "Dunkler Archon"
		                                       "ZEALOT" = "Berserker"
		                                      "DRAGOON" = "Dragoner"
		                                 "HIGH_TEMPLAR" = "Hoher Templer"
		                                       "ARCHON" = "Archon"
		                                       "REAVER" = "Räuber"
		                                  "HALF_SCARAB" = "5 Scarabs"
		                                  "FULL_SCARAB" = "10 Scarabs"
		                                      "CORSAIR" = "Korsar"
		                                      "SHUTTLE" = "Shuttle"
		                                        "SCOUT" = "Scout"
		                                      "ARBITER" = "Arbiter"
		                                      "CARRIER" = "Träger"
		                             "HALF_INTERCEPTOR" = "5 Interceptoren"
		                             "FULL_INTERCEPTOR" = "10 Interceptoren"
		                                     "OBSERVER" = "Beobachter"
		                                        "NEXUS" = "Nexus"
		                            "ROBOTICS_FACILITY" = "Roboterfabrik"
		                                        "PYLON" = "Pylon"
		                                  "OBSERVATORY" = "Observatorium"
		                                      "GATEWAY" = "Warp-Knoten"
		                                "PHOTON_CANNON" = "Photonenkanone"
		                             "CYBERNETICS_CORE" = "Kybernetik-Kern"
		                              "CITADEL_OF_ADUN" = "Zitadelle von Adun"
		                             "TEMPLAR_ARCHIVES" = "Templer-Archiv"
		                                        "FORGE" = "Schmiede"
		                                     "STARGATE" = "Raumportal"
		                                 "FLEET_BEACON" = "Flottensignalgeber"
		                             "ARBITER_TRIBUNAL" = "Arbiter-Tribunal"
		                         "ROBOTICS_SUPPORT_BAY" = "Roboter-Supportdock"
		                               "SHIELD_BATTERY" = "Schutzschildbatterie"
		                                "PSIONIC_STORM" = "Psi-Sturm"
		                                "HALLUCINATION" = "Halluzination"
		                                       "RECALL" = "Rückruf"
		                                 "STASIS_FIELD" = "Stasisfeld"
		                               "DISRUPTION_WEB" = "Disruptor-Netz"
		                                 "MIND_CONTROL" = "Gedankenkontrolle"
		                                    "MAELSTROM" = "Maelstrom"
		                           "SINGULARITY_CHARGE" = "Singularitätsladung"
		                             "LEG_ENHANCEMENTS" = "Beinverbesserungen"
		                                "SCARAB_DAMAGE" = "Scarab-Schaden"
		                              "REAVER_CAPACITY" = "Räuber-Kapazität"
		                               "GRAVITIC_DRIVE" = "Gravitationsantrieb"
		                                 "SENSOR_ARRAY" = "Sensorfeld"
		                            "GRAVITIC_BOOSTERS" = "Gravitationsbooster"
		                             "KHAYDARIN_AMULET" = "Khaydarin-Amulett"
		                                "APIAL_SENSORS" = "Apial-Sensoren"
		                           "GRAVITIC_THRUSTERS" = "Gravitationsdüsen"
		                             "CARRIER_CAPACITY" = "Trägerraumschiff-Kapazität"
		                               "KHAYDARIN_CORE" = "Khaydarin-Kern"
		                                  "ARGUS_JEWEL" = "Argus-Juwel"
		                               "ARGUS_TALISMAN" = "Argus-Talisman"
		                                        "ARMOR" = "Panzer"
		                                      "PLATING" = "Panzerung"
		                               "GROUND_WEAPONS" = "Boden-Waffen"
		                                  "AIR_WEAPONS" = "Luft-Waffen"
		                               "PLASMA_SHIELDS" = "Plasma-Schilde"
		                                        "NULL1" = "NULL"
		                                        "NULL2" = "NULL"
		                                        "NULL3" = "NULL"
		                                        "NULL4" = "NULL"
		                                  "ASSIMILATOR" = "Assimilator"
		                                    "GAS_PROBE" = "Gas Sonde"
		                                        "NULL5" = "Baue parallel zwei"
		                                        "NULL6" = "Baue parallel vier"
		                                        "NULL7" = "Baue parallel acht"
		                                        "NULL8" = "Baue parallel sechzehn"
		                                        "NULL9" = "Alle vom Gas zu Mineralien"
		                                       "NULL10" = "NULL"
		                                       "NULL11" = "Vespene Geysir"
		                                       "NULL12" = "Mineralienfeld"
		                                      "NULL101" = "NULL"
		                              "R_PSIONIC_STORM" = "R_PSIONIC_STORM"
		                              "R_HALLUCINATION" = "R_HALLUCINATION"
		                                     "R_RECALL" = "R_RECALL"
		                               "R_STASIS_FIELD" = "R_STASIS_FIELD"
		                             "R_DISRUPTION_WEB" = "R_DISRUPTION_WEB"
		                               "R_MIND_CONTROL" = "R_MIND_CONTROL"
		                                  "R_MAELSTROM" = "R_MAELSTROM"
		                         "R_SINGULARITY_CHARGE" = "R_SINGULARITY_CHARGE"
		                           "R_LEG_ENHANCEMENTS" = "R_LEG_ENHANCEMENTS"
		                              "R_SCARAB_DAMAGE" = "R_SCARAB_DAMAGE"
		                            "R_REAVER_CAPACITY" = "R_REAVER_CAPACITY"
		                             "R_GRAVITIC_DRIVE" = "R_GRAVITIC_DRIVE"
		                               "R_SENSOR_ARRAY" = "R_SENSOR_ARRAY"
		                          "R_GRAVITIC_BOOSTERS" = "R_GRAVITIC_BOOSTERS"
		                           "R_KHAYDARIN_AMULET" = "R_KHAYDARIN_AMULET"
		                              "R_APIAL_SENSORS" = "R_APIAL_SENSORS"
		                         "R_GRAVITIC_THRUSTERS" = "R_GRAVITIC_THRUSTERS"
		                           "R_CARRIER_CAPACITY" = "R_CARRIER_CAPACITY"
		                             "R_KHAYDARIN_CORE" = "R_KHAYDARIN_CORE"
		                                "R_ARGUS_JEWEL" = "R_ARGUS_JEWEL"
		                             "R_ARGUS_TALISMAN" = "R_ARGUS_TALISMAN"
		                                      "R_ARMOR" = "R_ARMOR"
		                                    "R_PLATING" = "R_PLATING"
		                             "R_GROUND_WEAPONS" = "R_GROUND_WEAPONS"
		                                "R_AIR_WEAPONS" = "R_AIR_WEAPONS"
		                             "R_PLASMA_SHIELDS" = "R_PLASMA_SHIELDS"
		                                      "NULL105" = "NULL"
		                                      "NULL106" = "NULL"
		                                      "NULL107" = "NULL"
		                                      "INTRONP" = "INTRON"
		                                       "NULL13" = "NULL"
		                                        "DRONE" = "Drone"
		                                        "LARVA" = "Larve"
		                                     "ZERGLING" = "Zergling"
		                                    "HYDRALISK" = "Hydralisk"
		                                    "ULTRALISK" = "Ultralisk"
		                                      "DEFILER" = "Vergifter"
		                                       "LURKER" = "Schleicher"
		                                     "OVERLORD" = "Overlord"
		                                     "MUTALISK" = "Mutalisk"
		                                     "GUARDIEN" = "Wächter"
		                                        "QUEEN" = "Königin"
		                                      "SCOURGE" = "Terror"
		                                     "DEVOURER" = "Vernichter"
		                                         "LAIR" = "Bau"
		                                         "HIVE" = "Schwarmstock"
		                                  "NYDUS_CANAL" = "Nydus-Kanal"
		                                "HYDRALISK_DEN" = "Hydralisken-Bau"
		                                "DEFILER_MOUND" = "Vergifter-Hügel"
		                                     "HATCHERY" = "Brutstätte"
		                                "GREATER_SPIRE" = "Grosser Schößling"
		                                  "QUEENS_NEST" = "Königinnen-Nest"
		                            "EVOLUTION_CHAMBER" = "Evolutionskammer"
		                             "ULTRALISK_CAVERN" = "Ultralisken-Höhle"
		                                        "SPIRE" = "Schößling"
		                                "SPAWNING_POOL" = "Brutschleim-Pool"
		                                 "CREEP_COLONY" = "Kriecherkolonie"
		                                 "SPORE_COLONY" = "Sporenkolonie"
		                                "SUNKEN_COLONY" = "Tiefenkolonie"
		                                "VENTRAL_SACKS" = "Bauchbeutel"
		                                     "ANTENNAE" = "Antennen"
		                         "PNEUMATIZED_CARAPACE" = "Pneumatischer Panzer"
		                              "METABOLIC_BOOST" = "Metabolismusschub"
		                               "ADRENAL_GLANDS" = "Adrenalindrüsen"
		                            "MUSCULAR_AUGMENTS" = "Muskelverbesserung"
		                               "GROOVED_SPINES" = "Zackenstacheln"
		                               "GAMETE_MEIOSIS" = "Gameten-Meiosis"
		                            "METASYNAPTIC_NODE" = "Metasynaptischer Knoten"
		                            "CHITINOUS_PLATING" = "Chitin-Panzer"
		                           "ANABOLIC_SYNTHESIS" = "Hormon-Synthese"
		                                    "BURROWING" = "Eingraben"
		                              "SPAWN_BROODLING" = "Brütling legen"
		                                       "PLAGUE" = "Verseuchung"
		                                      "CONSUME" = "Fressen"
		                                      "ENSNARE" = "Einfangen"
		                                "LURKER_ASPECT" = "Schleicher-Aspekt"
		                                     "CARAPACE" = "Panzer"
		                               "FLYER_CARAPACE" = "Fliegerpanzer"
		                                "MELEE_ATTACKS" = "Nahkampf-Angriff"
		                              "MISSILE_ATTACKS" = "Geschoße"
		                                "FLYER_ATTACKS" = "Fliegerangriff"
		                                       "NULL14" = "NULL"
		                                       "NULL15" = "NULL"
		                                       "NULL16" = "NULL"
		                                       "NULL17" = "NULL"
		                                       "NULL18" = "NULL"
		                                       "NULL19" = "NULL"
		                                       "NULL20" = "NULL"
		                                       "NULL21" = "NULL"
		                                       "NULL22" = "NULL"
		                                       "NULL23" = "NULL"
		                                       "NULL24" = "NULL"
		                                       "NULL25" = "NULL"
		                                       "NULL55" = "NULL"
		                                    "EXTRACTOR" = "Extraktor"
		                                    "GAS_DRONE" = "Gas Drone"
		                                       "NULL26" = "Baue parallel zwei"
		                                       "NULL27" = "Baue parallel vier"
		                                       "NULL28" = "Baue parallel acht"
		                                       "NULL29" = "Baue parallel sechzehn"
		                                       "NULL30" = "Alle vom Gas zu Mineralien"
		                                       "NULL31" = "NULL"
		                                       "NULL32" = "Vespene Geysir"
		                                       "NULL33" = "Mineralienfeld"
		                            "BREAK_UP_BUILDING" = "Breche Gebaeude ab"
		                              "R_VENTRAL_SACKS" = "R_VENTRAL_SACKS"
		                                   "R_ANTENNAE" = "R_ANTENNAE"
		                       "R_PNEUMATIZED_CARAPACE" = "R_PNEUMATIZED_CARAPACE"
		                            "R_METABOLIC_BOOST" = "R_METABOLIC_BOOST"
		                             "R_ADRENAL_GLANDS" = "R_ADRENAL_GLANDS"
		                          "R_MUSCULAR_AUGMENTS" = "R_MUSCULAR_AUGMENTS"
		                             "R_GROOVED_SPINES" = "R_GROOVED_SPINES"
		                             "R_GAMETE_MEIOSIS" = "R_GAMETE_MEIOSIS"
		                          "R_METASYNAPTIC_NODE" = "R_METASYNAPTIC_NODE"
		                          "R_CHITINOUS_PLATING" = "R_CHITINOUS_PLATING"
		                         "R_ANABOLIC_SYNTHESIS" = "R_ANABOLIC_SYNTHESIS"
		                                  "R_BURROWING" = "R_BURROWING"
		                            "R_SPAWN_BROODLING" = "R_SPAWN_BROODLING"
		                                     "R_PLAGUE" = "R_PLAGUE"
		                                    "R_CONSUME" = "R_CONSUME"
		                                    "R_ENSNARE" = "R_ENSNARE"
		                              "R_LURKER_ASPECT" = "R_LURKER_ASPECT"
		                                   "R_CARAPACE" = "R_CARAPACE"
		                             "R_FLYER_CARAPACE" = "R_FLYER_CARAPACE"
		                              "R_MELEE_ATTACKS" = "R_MELEE_ATTACKS"
		                            "R_MISSILE_ATTACKS" = "R_MISSILE_ATTACKS"
		                              "R_FLYER_ATTACKS" = "R_FLYER_ATTACKS"
		                                      "NULL120" = "NULL"
		                                      "NULL121" = "NULL"
		                                      "NULL122" = "NULL"
		                                      "NULL123" = "NULL"
		                                      "NULL124" = "NULL"
		                                      "NULL125" = "NULL"
		                                      "NULL126" = "NULL"
		                                      "INTRONZ" = "INTRON"
		              "START_LOAD_CONFIGURATION_STRING" = "Lade Konfiguration ..."
		              "START_PARSE_COMMAND_LINE_STRING" = "Lese Kommandozeilenparameter ..."
		             "START_WARNING_VO_ARGUMENT_STRING" = "WARNUNG: -vo Argument ohne Treibernamen angegeben."
		                "START_SDL_USING_DRIVER_STRING" = "Benutze %s als SDL Treiber."
		       "START_ERROR_NO_DRIVER_AVAILIBLE_STRING" = "FEHLER: Kein Videotreiber fuer diese Plattform verfügbar!"
		      "START_ERROR_DRIVER_NOT_SUPPORTED_STRING" = "FEHLER: SDL Treiber %s wird nicht unterstützt!"
		                        "START_INIT_SDL_STRING" = "Initialisiere SDL ..."
		              "START_UNABLE_TO_INIT_SDL_STRING" = "Initialisierung von SDL fehlgeschlagen:"
		        "START_ERROR_SETTING_VIDEO_MODE_STRING" = "Initialisierung des Videomodus fehlgeschlagen."
		                 "START_SET_WINDOW_MODE_STRING" = "Setze Fenstermodus ..."
		             "START_SET_FULLSCREEN_MODE_STRING" = "Setze Vollbildmodus ..."
		         "START_INIT_SDL_TRUETYPE_FONTS_STRING" = "Initialisiere SDL Truetype Schriftarten ..."
		                  "START_INIT_FRAMERATE_STRING" = "Initialisiere Bildwiederholungssystem ..."
		                      "START_INIT_SOUND_STRING" = "Initialisiere FMOD Soundsystem ..."
		        "START_INIT_GRAPHIC_ENGINE_CORE_STRING" = "Initialisiere Grafikoberfläche und Kern ..."
		           "START_LOAD_UI_BITMAPS_FONTS_STRING" = "Lade Einstellungen der Oberfläche/Bilder/Schriftarten ..."
		         "START_UI_BITMAPS_FONTS_LOADED_STRING" = "Einstellungen der Oberfläche/Bilder/Schriftarten geladen."
		     "START_ASSIGNING_DEFAULT_VARIABLES_STRING" = "Setze Daten auf Standardwerte ..."
		                 "START_READING_PARSING_STRING" = "Lese und parse Daten ..."
		                    "START_LOAD_HARVEST_STRING" = "Lade Sammelgeschwindigkeiten aus Datei ..."
		                       "START_LOAD_MAPS_STRING" = "Lade Karten ..."
		            "START_LOAD_STARTCONDITIONS_STRING" = "Lade Startbedingungen ..."
		                      "START_LOAD_GOALS_STRING" = "Lade Ziele ..."
		              "START_ASSIGN_AND_ANALYZE_STRING" = "Weise Daten zu und analysiere ..."
		               "START_PREPARE_FIRST_RUN_STRING" = "Bereite Suppe für ersten Durchgang vor ..."
		                        "START_INIT_GUI_STRING" = "Initialisiere Graphische Benutzeroberfläche ..."
		              "START_MAIN_INIT_COMPLETE_STRING" = "Alle Initialisierungen abgeschlossen."
		                    "START_SYSTEM_READY_STRING" = "System bereit."
		             "START_INITIALIZATION_TIME_STRING" = "Dauer der Initialisierung:"
		                     "CHANGED_BIT_DEPTH_STRING" = "Farbtiefe zu %ibit geändert."
		                    "CHANGED_RESOLUTION_STRING" = "Auflösung zu  %s geändert."
		                     "MAIN_WINDOW_TITLE_STRING" = "Evolution Forge v%s"
		                  "MESSAGE_WINDOW_TITLE_STRING" = "Nachrichten"
		                     "HELP_WINDOW_TITLE_STRING" = "Evolution Forge Einführung"
		                 "SETTINGS_WINDOW_TITLE_STRING" = "Einstellungen"
		                      "MAP_WINDOW_TITLE_STRING" = "Datenbank"
		                 "DATABASE_WINDOW_TITLE_STRING" = "Karten"
		                     "INFO_WINDOW_TITLE_STRING" = "Befehlsbeschreibung Spieler %s"
		                 "TECHTREE_WINDOW_TITLE_STRING" = "Techtree"
		                  "BOGRAPH_WINDOW_TITLE_STRING" = "Grafische Darstellung der Befehle %s"
		                "BODIAGRAM_WINDOW_TITLE_STRING" = "Übersicht über den Verlauf %s"
		               "STATISTICS_WINDOW_TITLE_STRING" = "Statistiken %s"
		                    "TIMER_WINDOW_TITLE_STRING" = "Punkte %s"
		                    "FORCE_WINDOW_TITLE_STRING" = "Einheitenliste %s"
		                        "BOWINDOW_TITLE_STRING" = "Befehlsreihenfolge %s"
		                     "GAME_WINDOW_TITLE_STRING" = "Spiel %s"
		                   "PLAYER_WINDOW_TITLE_STRING" = "Spieler"
		                           "GAME_NUMBER_STRING" = "Spiel %i"
		                              "NEW_GAME_STRING" = "Neues Spiel"
		                          "WELCOME_MSG1_STRING" = "Willkommen zu Evolution Forge!"
		                          "WELCOME_MSG2_STRING" = "Klicke oben um weitere Ziele hinzuzufügen."
		                        "PLAYERS_LOADED_STRING" = "%i Spieler geladen ...."
		                            "ADDED_GOAL_STRING" = "%s wurde der Zielliste hinzugefügt."
		                     "SET_NEW_GOAL_LIST_STRING" = "%s wurde als neue Zielliste ausgewählt."
		                           "SET_NEW_MAP_STRING" = "%s wurde als Karte ausgewählt."
		                              "SET_RACE_STRING" = "%s wurde als Rasse gesetzt."
		                        "ADDED_ONE_GOAL_STRING" = "Ein %s wurde der Zielliste hinzugefügt."
		                      "REMOVED_ONE_GOAL_STRING" = "Ein %s wurde von der Zielliste entfernt."
		                        "MOVED_NON_GOAL_STRING" = "%s wurde von in den Zielstatus erhoben."
		                            "SAVED_GOAL_STRING" = "%s wurde gespeichert."
		                          "COMPARE_GAME_STRING" = "Vergleiche Spiel mit..."
		                           "REMOVE_GAME_STRING" = "Entferne Spiel..."
		                     "HELP_WINDOW_INDEX_STRING" = "Zum Index"
		                      "HELP_WINDOW_BACK_STRING" = "Zur letzten Seite"
		                           "SAVE_BOX_OK_STRING" = "OK"
		                       "SAVE_BOX_CANCEL_STRING" = "Abbruch"
		                           "UNIT_TYPE_0_STRING" = "rest"
		                           "UNIT_TYPE_1_STRING" = "WBF"
		                           "UNIT_TYPE_2_STRING" = "Gas WBF"
		                           "UNIT_TYPE_3_STRING" = "Kampfeinheiten..."
		                           "UNIT_TYPE_4_STRING" = "Unterstützungseinheiten..."
		                           "UNIT_TYPE_5_STRING" = "Versorgung/Raffinerie..."
		                           "UNIT_TYPE_6_STRING" = "Produzierende Gebäude..."
		                           "UNIT_TYPE_7_STRING" = "Forschungseinrichtungen..."
		                           "UNIT_TYPE_8_STRING" = "Gebäudezusätze..."
		                           "UNIT_TYPE_9_STRING" = "Forschung..."
		                          "UNIT_TYPE_10_STRING" = "Spezial..."
		                        "STARTING_FORCE_STRING" = "Einheiten zu Beginn:"
		                             "NON_GOALS_STRING" = "sonstige:"
		                                 "GOALS_STRING" = "Zieleinheiten:"
		                                "LEGEND_STRING" = "+Überschuss / Einheiten / Ziele:"
		                           "TIME_LEGEND_STRING" = "[Zeit/Zielzeit]  +Überschuss / Einheiten / Ziele:"
		                     "CLICK_TO_ADD_GOAL_STRING" = "Hier klicken um Ziel hinzuzufügen"
		                                  "BACK_STRING" = "zurück"
		                                 "CLOSE_STRING" = "schliessen"
		                              "ADD_GOAL_STRING" = "Ziel hinzu"
		                             "GOAL_LIST_STRING" = "Ziel laden"
		                            "STARTFORCE_STRING" = "Starteinheiten"
		                           "CHOOSE_RACE_STRING" = "Rasse"
		                            "CHOOSE_MAP_STRING" = "Karten"
		                             "SAVE_GOAL_STRING" = "Speichere Ziele..."
		                         "SAVE_GOALS_AS_STRING" = "Speichere Ziele als"
		                      "GIVE_GOAL_A_NAME_STRING" = "Gebe den Zielen einen Namen:"
		                   "SAVE_BUILD_ORDER_AS_STRING" = "Speichere Baureihenfolge als"
		                        "GIVE_BO_A_NAME_STRING" = "Gebe der Baureihenfolge einen Namen:"
		                                 "TERRA_STRING" = "Terra"
		                               "PROTOSS_STRING" = "Protoss"
		                                  "ZERG_STRING" = "Zerg"
		                 "CLICK_TO_INSERT_ORDER_STRING" = "(Hier klicken um ein Befehl einzufügen)"
		                   "OPTIMIZE_EVERYTHING_STRING" = "Alles optimieren"
		                     "OPTIMIZE_SELECTED_STRING" = "Optimiere nur Auswahl"
		                     "RESET_BUILD_ORDER_STRING" = "Neustart"
		                      "SAVE_BUILD_ORDER_STRING" = "Speichere Baufolge..."
		                      "LOAD_BUILD_ORDER_STRING" = "Lade ..."
		                                 "SPEED_STRING" = "Geschwindigkeit"
		                    "OF_GOALS_FULFILLED_STRING" = "%i % der Ziele erfüllt"
		                     "OF_TIME_FULFILLED_STRING" = "%i % nahe am Zeitoptimum"
		                                "PAUSED_STRING" = "(unterbrochen)"
		                             "SEARCHING_STRING" = "Suche..."
		                   "THEORETICAL_OPTIMUM_STRING" = "%i%% des theoretischen Optimums"
		                            "OPTIMIZING_STRING" = "Optimiere..."
		                      "RES_UNITS_STRUCT_STRING" = "%i/%i/%i Res./Einh./Geb."
		                                 "TOTAL_STRING" = "Gesamt: %i"
		                            "ADD_PLAYER_STRING" = "Füge Spieler hinzu"
		                         "MINERALS_STAT_STRING" = "Gesamt Mineralien : %i"
		                              "GAS_STAT_STRING" = "Gesamt Vespine Gas : %i"
		                             "TIME_STAT_STRING" = "Zeit : %s"
		                            "FORCE_STAT_STRING" = "Einheitenzahl : %i"
		                "AVERAGE_BO_LENGTH_STAT_STRING" = "Länge Befehlsliste : %i"
		                  "FITNESS_AVERAGE_STAT_STRING" = "durchschn. Qualität : %i [beste %i]"
		                 "FITNESS_VARIANCE_STAT_STRING" = "Varianz der Qualität : %i"
		                 "GENERATIONS_LEFT_STAT_STRING" = "%i+ Generationen übrig [%i insg.]"
		                              "HELP_TAB_STRING" = "Hilfe"
		                          "SETTINGS_TAB_STRING" = "Einstellungen"
		                          "DATABASE_TAB_STRING" = "Karten"
		                               "MAP_TAB_STRING" = "Datenbank"
		                      "ADD_UNIT_TOOLTIP_STRING" = "füge Einheit hinzu"
		                   "REMOVE_UNIT_TOOLTIP_STRING" = "nehme Einheit weg"
		                   "REMOVE_GOAL_TOOLTIP_STRING" = "nehme Ziel weg"
		                   "CHOOSE_RACE_TOOLTIP_STRING" = "Wähle Terra/Protoss/Zerg"
		                     "ADD_GOALS_TOOLTIP_STRING" = "Füge Ziele zur Liste"
		                  "CHOOSE_GOALS_TOOLTIP_STRING" = "Wähle vordefinierte Zielliste"
		         "CHOOSE_STARTING_FORCE_TOOLTIP_STRING" = "Wähle vordefinierte Starteinheiten"
		                 "MINERALS_STAT_TOOLTIP_STRING" = "insg. gesammelte Mineralien"
		                      "GAS_STAT_TOOLTIP_STRING" = "insg. gesammeltes Gas"
		                     "TIME_STAT_TOOLTIP_STRING" = "Zeit der besten Baureihenfolge"
		                    "FORCE_STAT_TOOLTIP_STRING" = "insgesamte Zahl an Einheiten am Ende"
		        "AVERAGE_BO_LENGTH_STAT_TOOLTIP_STRING" = "Länge der Baureihenfolge"
		          "FITNESS_AVERAGE_STAT_TOOLTIP_STRING" = "durchschn. Tauglichkeit aller Programme"
		         "FITNESS_VARIANCE_STAT_TOOLTIP_STRING" = "Varianz der Tauglichkeit aller Programme"
		         "GENERATIONS_LEFT_STAT_TOOLTIP_STRING" = "Mindestzahl verbleibender Generationen "
		                      "FPS_STAT_TOOLTIP_STRING" = "Bilder pro Sekunde [Baufolgen pro Sekunde]"
		                     "SAVE_GOAL_TOOLTIP_STRING" = "Speichere Zielliste als ..."
		             "RESET_BUILD_ORDER_TOOLTIP_STRING" = "Starte komplett von Null neu"
		              "SAVE_BUILD_ORDER_TOOLTIP_STRING" = "Speichere Baureihenfolge als HTML"
		              "LOAD_BUILD_ORDER_TOOLTIP_STRING" = "Lade alte Baufolge"
		         "CONTINUE_OPTIMIZATION_TOOLTIP_STRING" = "Fahre mit der Optimierung fort"
		            "PAUSE_OPTIMIZATION_TOOLTIP_STRING" = "Halte die Optimierung an"
		            "OF_GOALS_FULFILLED_TOOLTIP_STRING" = "Anteil aller bisher erfüllten Ziele"
		             "OF_TIME_FULFILLED_TOOLTIP_STRING" = "Zeitlicher Anteil am theoretischen Optimum (mit unendlich Mineralien/Gas/Arbeiter)"
		                      "HELP_TAB_TOOLTIP_STRING" = "Erklränrungen und Hintergrundinformationen"
		                  "SETTINGS_TAB_TOOLTIP_STRING" = "Grafische und globale Einstellungen"
		                  "DATABASE_TAB_TOOLTIP_STRING" = "Vergleiche und verwalte alle Ziele und Baureihenfolgen"
		                       "MAP_TAB_TOOLTIP_STRING" = "Erstelle und verändere Starteinheiten und Kartenaufbau"
		               "FORCEENTRY_TIME_TOOLTIP_STRING" = "Klicken um spätesten Zeitpunkt der Produktion einzustellen"
		             "TITLE_PREDEFINED_SETTINGS_STRING" = "Vordefinierte Einstellungen"
		                      "SETTING_MAX_TIME_STRING" = "maximale Zeit"
		                   "SETTING_RESTRICT_SC_STRING" = "Keine Broodwar Einheiten"
		                 "SETTING_FACILITY_MODE_STRING" = "Produktionsstättenmodus"
		                "SETTING_AUTO_SAVE_RUNS_STRING" = "Speicherung am Ende"
		           "SETTING_ALWAYS_BUILD_WORKER_STRING" = "Baue immer Arbeiter"
		              "SETTING_ONLY_SWAP_ORDERS_STRING" = "Nur Befehle neu sortieren"
		         "SETTING_PREPROCESS_BUILDORDER_STRING" = "Vorberechnung Baufolge"
		                    "SETTING_MAX_LENGTH_STRING" = "Maximale Länge"
		                      "SETTING_MAX_RUNS_STRING" = "Zahl der Versuche"
		               "SETTING_MAX_GENERATIONS_STRING" = "Zahl der Generationen"
		                   "SETTING_MAX_TIMEOUT_STRING" = "maximaler Timeout"
		           "SETTING_ALLOW_GOAL_ADAPTION_STRING" = "Zielanpassung erlaubt"
		                  "SETTING_BREED_FACTOR_STRING" = "Vermehrungsfaktor"
		                 "SETTING_CROSSING_OVER_STRING" = "Crossing Over Faktor"
		                    "SETTING_MINIMALIST_STRING" = "Minimalistisch"
		                          "SETTING_FULL_STRING" = "Volle Grafikpracht"
		                        "SETTING_CUSTOM_STRING" = "benutzerdefiniert"
		             "SETTING_DESIRED_FRAMERATE_STRING" = "Gewünschte FPS"
		             "SETTING_DESIRED_CPU_USAGE_STRING" = "CPU Auslastung"
		               "SETTING_SMOOTH_MOVEMENT_STRING" = "fliessende Bewegung"
		                    "SETTING_SHOW_DEBUG_STRING" = "Debuginformationen"
		               "SETTING_GLOWING_BUTTONS_STRING" = "Pulsierende Knöpfe"
		                    "SETTING_DNA_SPIRAL_STRING" = "DNS Spirale"
		            "SETTING_ROUNDED_RECTANGLES_STRING" = "Abgerundete Rechtecke"
		             "SETTING_BACKGROUND_BITMAP_STRING" = "Hintergrundbild"
		                  "SETTING_TRANSPARENCY_STRING" = "Transparenz"
		                    "SETTING_FULLSCREEN_STRING" = "Vollbild"
		                      "SETTING_TOOLTIPS_STRING" = "Tool Tips"
		                "SETTING_SOFTWARE_MOUSE_STRING" = "Software Maus"
		               "SETTING_UNLOAD_GRAPHICS_STRING" = "Entlade Grafiken"
		                     "SETTING_USE_MUSIC_STRING" = "Musik"
		                     "SETTING_USE_SOUND_STRING" = "Geräuscheffekte"
		                  "SETTING_MUSIC_VOLUME_STRING" = "Musiklautstärke"
		                  "SETTING_SOUND_VOLUME_STRING" = "Geräuschlautstärke"
		                      "SETTING_CHANNELS_STRING" = "Kanäle"
		              "SETTING_MAX_TIME_TOOLTIP_STRING" = "Zeit die eine Baureihenfolge maximal benötigen darf (beeinflusst Zeit bis zum Finden der ersten Lösung)"
		           "SETTING_RESTRICT_SC_TOOLTIP_STRING" = "Sollen nur StarCraft (TM) Einheiten verwendet werden?"
		         "SETTING_FACILITY_MODE_TOOLTIP_STRING" = "Sollen die Einträge im 'Füge Ziel hinzu' Menü nach Einsatzgebiet oder nach Baustätte geordnet werden?"
		        "SETTING_AUTO_SAVE_RUNS_TOOLTIP_STRING" = "Sollen die Baureihenfolgen am Ende eines Durchgangs automatisch gespeichert werden oder soll gefragt werden?"
		   "SETTING_ALWAYS_BUILD_WORKER_TOOLTIP_STRING" = "Soll versucht werden ununterbrochen Arbeiter zu produzieren?"
		      "SETTING_ONLY_SWAP_ORDERS_TOOLTIP_STRING" = "Sollen die Befehle nur getauscht und keine eingefuegt oder geloescht werden?"
		 "SETTING_PREPROCESS_BUILDORDER_TOOLTIP_STRING" = "Soll eine zufällige oder eine vorberechnete Baureihenfolge zu Beginn genommen werden?"
		            "SETTING_MAX_LENGTH_TOOLTIP_STRING" = "Maximale Länge einer Baureihenfolge"
		              "SETTING_MAX_RUNS_TOOLTIP_STRING" = "Wie oft soll das Programm neustarten um eine optimale Baureihenfolge zu erhalten?"
		       "SETTING_MAX_GENERATIONS_TOOLTIP_STRING" = "Nach wievielen unveränderten Generationen soll der aktuelle Versuch verworfen und mit einer neuerstellten Baureihenfolge begonnen werden?"
		           "SETTING_MAX_TIMEOUT_TOOLTIP_STRING" = "Wieviel Sekunden dürfen zwischen zwei Befehlen maximal liegen?"
		   "SETTING_ALLOW_GOAL_ADAPTION_TOOLTIP_STRING" = "Ist es dem Programm gestattet minimale Anpassungen an den Zielen vorzunehmen?"
		          "SETTING_BREED_FACTOR_TOOLTIP_STRING" = "Wieviel Prozent des besten Programms einer Generation soll in die nächste übernommen werden?"
		         "SETTING_CROSSING_OVER_TOOLTIP_STRING" = "Wieviel Prozent der Programme sollen sich per Crossing-Over (Austausch von Geninformationen) fortpflanzen?"
		            "SETTING_MINIMALIST_TOOLTIP_STRING" = "Minimale Grafik (alle CPU Power der Berechnung zuweisen) (Für extreme Minimalisten: siehe Kommandozeilenoptionen)"
		                  "SETTING_FULL_TOOLTIP_STRING" = "Grafik auf schön stellen :)"
		                "SETTING_CUSTOM_TOOLTIP_STRING" = "Selber rumklicken"
		     "SETTING_DESIRED_FRAMERATE_TOOLTIP_STRING" = "Wie oft in der Sekunde soll das Bild neugezeichnet werden?"
		     "SETTING_DESIRED_CPU_USAGE_TOOLTIP_STRING" = "Wieviel % Last soll die CPU tragen?"
		       "SETTING_SMOOTH_MOVEMENT_TOOLTIP_STRING" = "Sollen sich Objekte langsam hin und herbewegen oder auf ihren Zielpunkt springen?"
		            "SETTING_SHOW_DEBUG_TOOLTIP_STRING" = "Soll angezeigt werden wieviel jedes Modul (Verarbeitung/Zeichnen/Kern/Nachrichten/Leerlauf) an Ressourcen benötigt?"
		       "SETTING_GLOWING_BUTTONS_TOOLTIP_STRING" = "Sollen Knöpfe pulsierende Animation besitzen?"
		            "SETTING_DNA_SPIRAL_TOOLTIP_STRING" = "Soll eine DNS Spirale die die Baureihenfolge darstellt gemalt werden?"
		    "SETTING_ROUNDED_RECTANGLES_TOOLTIP_STRING" = "Sollen Rechtecke abgerundete Ecken und Kanten besitzen? (Benötigt minimal CPU)"
		     "SETTING_BACKGROUND_BITMAP_TOOLTIP_STRING" = "Soll als Hintergrund ein schönes Bild gemalt werden? (Benötigt in der Version noch etwas CPU)"
		          "SETTING_TRANSPARENCY_TOOLTIP_STRING" = "Durchsichtige Objekte (zieht etwas CPU :) )"
		            "SETTING_FULLSCREEN_TOOLTIP_STRING" = "Wechsel zwischen Vollbild und Fenstermodus (Benötigt einen Neustart auf manchen Systemen)"
		              "SETTING_TOOLTIPS_TOOLTIP_STRING" = "8[ Gefallen Dir die Texte etwa nicht?"
		        "SETTING_SOFTWARE_MOUSE_TOOLTIP_STRING" = "Benutze Software Maus oder Mauszeiger vom Betriebssystem?"
		       "SETTING_UNLOAD_GRAPHICS_TOOLTIP_STRING" = "Sollen nichtbenutzte Grafiken aus dem Speicher entfernt werden? (falls wenig Speicher vorhanden ist)"
		             "SETTING_USE_MUSIC_TOOLTIP_STRING" = "Hintergrundmusik an/aus~"
		             "SETTING_USE_SOUND_TOOLTIP_STRING" = "Geräuscheffekte an/aus~"
		          "SETTING_MUSIC_VOLUME_TOOLTIP_STRING" = "Musiklautstärke~"
		          "SETTING_SOUND_VOLUME_TOOLTIP_STRING" = "Geräuschlautstärke~"
		              "SETTING_CHANNELS_TOOLTIP_STRING" = "Maximale Zahl gleichzeit ablaufender Geräusche"
		                        "SETTINGS_SAVED_STRING" = "Einstellungen werden in settings/default.cfg gespeichert sobald das Programm verlassen wird"
		                  "LANGUAGE_HAS_CHANGED_STRING" = "Oberfläche wurde auf deutsch umgestellt."
		                      "SETTING_LANGUAGE_STRING" = "Sprache"
		                 "SETTING_ZERO_LANGUAGE_STRING" = "Fehler"
		              "SETTING_ENGLISH_LANGUAGE_STRING" = "Englisch"
		               "SETTING_GERMAN_LANGUAGE_STRING" = "Deutsch"
		              "SETTING_ITALIAN_LANGUAGE_STRING" = "Italienisch"
		            "SETTING_PORTUGESE_LANGUAGE_STRING" = "Portugisisch"
		                "SETTING_DUTCH_LANGUAGE_STRING" = "Niederländisch"
		              "SETTING_FINNISH_LANGUAGE_STRING" = "Finnisch"
		                "SETTING_GREEK_LANGUAGE_STRING" = "Griechisch"
		               "SETTING_FRENCH_LANGUAGE_STRING" = "Französisch"
		              "SETTING_SPANISH_LANGUAGE_STRING" = "Spanisch"
		               "SETTING_POLSKI_LANGUAGE_STRING" = "Polnisch"
		               "SETTING_KOREAN_LANGUAGE_STRING" = "Koreanisch -_-"
		              "SETTING_CHINESE_LANGUAGE_STRING" = "Chinesisch"
		              "SETTING_RUSSIAN_LANGUAGE_STRING" = "Russisch"
		                    "SETTING_RESOLUTION_STRING" = "Auflösung"
		               "SETTING_RESOLUTION_ZERO_STRING" = "Fehler"
		            "SETTING_RESOLUTION_640x480_STRING" = "640x480"
		            "SETTING_RESOLUTION_800x600_STRING" = "800x600"
		           "SETTING_RESOLUTION_1024x768_STRING" = "1024x768"
		          "SETTING_RESOLUTION_1280x1024_STRING" = "1280x1024"
		                      "SETTING_BITDEPTH_STRING" = "Farbtiefe"
		                    "SETTING_DEPTH_8BIT_STRING" = "8bit"
		                   "SETTING_DEPTH_16BIT_STRING" = "16bit"
		                   "SETTING_DEPTH_24BIT_STRING" = "24bit"
		                   "SETTING_DEPTH_32BIT_STRING" = "32bit"
		                         "SETTING_THEME_STRING" = "Farbwahl"
		                    "SETTING_ZERO_THEME_STRING" = "Fehler"
		                "SETTING_DARK_RED_THEME_STRING" = "Dunkelrot"
		               "SETTING_DARK_BLUE_THEME_STRING" = "Dunkelblau"
		                   "SETTING_GREEN_THEME_STRING" = "Grün"
		                  "SETTING_YELLOW_THEME_STRING" = "Gelb"
		                    "SETTING_GREY_THEME_STRING" = "Grau"
		              "SETTING_RELOAD_FROM_FILE_STRING" = "Lade von Datei"
		        "SETTING_LOAD_FAILSAFE_DEFAULTS_STRING" = "Standardeinstellung"
		                  "SETTING_SAVE_TO_FILE_STRING" = "Speichern"
		               "SETWINDOW_CORE_SETTINGS_STRING" = "Einstellungen des Kerns"
		                "SETWINDOW_GUI_SETTINGS_STRING" = "Einstellungen der Oberfläche"
		                 "SETWINDOW_UI_SETTINGS_STRING" = "Allgemeine Einstellungen"
		           "SETWINDOW_LOADSAVE_SETTINGS_STRING" = "Lade/Speichere Einstellungen"
		                "MAPWINDOW_MAP_SETTINGS_STRING" = "Karteneinstellungen"
		                  "MAPWINDOW_MAX_PLAYER_STRING" = "Spielerzahl"
		               "MAPWINDOW_MAX_LOCATIONS_STRING" = "Zahl Orte"
		                    "MAPWINDOW_MAP_NAME_STRING" = "Kartenname:"
		                    "MAPWINDOW_SYMMETRY_STRING" = "Symmetrische Karte"
		           "MAPWINDOW_LOCATION_SETTINGS_STRING" = "Orte"
		             "MAPWINDOW_PLAYER_SETTINGS_STRING" = "Spieler"
		            "MAPWINDOW_LOCATION_CONTENT_STRING" = "Ort"
		                   "MAPWINDOW_DISTANCES_STRING" = "Entfernungen"
		              "MAPWINDOW_MINERAL_BLOCKS_STRING" = "Mineralblöcke"
		             "MAPWINDOW_VESPENE_GEYSIRS_STRING" = "Vespin Geysire"
		            "MAPWINDOW_MINERAL_DISTANCE_STRING" = "Entfernung Mineralien"
		          "MAPWINDOW_MAX_PLAYER_TOOLTIP_STRING" = "Wieviele Spieler sollen maximal auf dieser Karte spielen können?"
		       "MAPWINDOW_MAX_LOCATIONS_TOOLTIP_STRING" = "Wieviele Orte soll es auf dieser Karte geben?"
		            "MAPWINDOW_SYMMETRY_TOOLTIP_STRING" = "Soll die Karte symmetrisch aufgebaut sein mit den selben Ressourcen/Einheiten/Entfernungen in jedem Teil?"
		      "MAPWINDOW_CREATE_NEW_MAP_TOOLTIP_STRING" = "Erstelle neue Karte"
		           "MAPWINDOW_RESET_MAP_TOOLTIP_STRING" = "Stelle alte Werte wieder her"
		            "MAPWINDOW_LOAD_MAP_TOOLTIP_STRING" = "Lade Karte"
		            "MAPWINDOW_SAVE_MAP_TOOLTIP_STRING" = "Speichere Karte"
		      "MAPWINDOW_MINERAL_BLOCKS_TOOLTIP_STRING" = "Wieviele Mineralblöcke sollen an diesem Ort liegen?"
		     "MAPWINDOW_VESPENE_GEYSIRS_TOOLTIP_STRING" = "Wieviele Vespin Geysire sollen an diesem Ort liegen?"
		    "MAPWINDOW_MINERAL_DISTANCE_TOOLTIP_STRING" = "Wie gross soll der Abstand zum Hauptgebäude sein? (in Sekunden, Geschwindigkeitsstufe 5)"
		           "MAPWINDOW_DISTANCES_TOOLTIP_STRING" = "Einheitenname"
		                       "OUTPUT_UNITNAME_STRING" = "Versorgung"
		                         "OUTPUT_SUPPLY_STRING" = "Mineralien"
		                       "OUTPUT_MINERALS_STRING" = "Gas"
		                            "OUTPUT_GAS_STRING" = "Ort"
		                       "OUTPUT_LOCATION_STRING" = "Zeit"
		                           "OUTPUT_TIME_STRING" = ". Durchlauf fertig (Zeit: "
		                       "ENDRUN_FINISHED_STRING" = "Baureihenfolge gespeichert"
		               "ENDRUN_SAVED_BUILDORDER_STRING" = "Ende eines Durchlaufs"
		                   "ENDRUN_DIALOG_TITLE_STRING" = "Soll aktuelle Baureihenfolge gespeichert werden?"
		                       "ENDRUN_QUESTION_STRING" = "Speichern"
		              "ENDRUN_SAVE_AND_CONTINUE_STRING" = "Verwerfen"
		         "ENDRUN_DONT_SAVE_AND_CONTINUE_STRING" = "möglich"
		                            "SUCCESS_OK_STRING" = "genug Mineralien"
		                      "SUCCESS_MINERALS_STRING" = "genug Gas"
		                           "SUCCESS_GAS_STRING" = "genug Versorgung"
		                        "SUCCESS_SUPPLY_STRING" = "Voraussetzung"
		                  "SUCCESS_PREREQUISITE_STRING" = "Baustätte"
		                      "SUCCESS_FACILITY_STRING" = "nie~"
		                       "SUCCESS_TIMEOUT_STRING" = "unbekannt"
		                       "SUCCESS_UNKNOWN_STRING" = "Baue"
		                            "INFO_BUILD_STRING" = "sobald wie"
		                       "INFO_AS_SOON_AS_STRING" = "verfügbar wird"
		                "INFO_BECOMES_AVAILIBLE_STRING" = "bei"
		                               "INFO_AT_STRING" = "wenn"
		                             "INFO_WHEN_STRING" = "im Besitz ist von"
		                           "INFO_HAVING_STRING" = "Mineralien"
		                         "INFO_MINERALS_STRING" = "Gas"
		                              "INFO_GAS_STRING" = "Versorgung"
		                           "INFO_SUPPLY_STRING" = "Zeit"
