	bitmapIdentifier[NULL_BITMAP] = "NULL_BITMAP";
	bitmapIdentifier[INCREASE_BITMAP] = "INCREASE_BITMAP";
	bitmapIdentifier[SUB_BITMAP] = "SUB_BITMAP";
	bitmapIdentifier[CANCEL_BITMAP] = "CANCEL_BITMAP";
	bitmapIdentifier[SMALL_ARROW_LEFT_BITMAP] = "SMALL_ARROW_LEFT_BITMAP";
	bitmapIdentifier[SMALL_ARROW_RIGHT_BITMAP] = "SMALL_ARROW_RIGHT_BITMAP";
	bitmapIdentifier[SMALL_ARROW_UP_BITMAP] = "SMALL_ARROW_UP_BITMAP";
	bitmapIdentifier[SMALL_ARROW_DOWN_BITMAP] = "SMALL_ARROW_DOWN_BITMAP";
	bitmapIdentifier[LOCATION_BUTTON_BITMAP] = "LOCATION_BUTTON_BITMAP";
	bitmapIdentifier[TIME_BUTTON_BITMAP] = "TIME_BUTTON_BITMAP";
	bitmapIdentifier[MOUSE_NONE] = "MOUSE_NONE";
	bitmapIdentifier[MOUSE_LEFT] = "MOUSE_LEFT";
	bitmapIdentifier[MOUSE_RIGHT] = "MOUSE_RIGHT";
	bitmapIdentifier[MOUSE_BOTH] = "MOUSE_BOTH";
	bitmapIdentifier[RADIO_OFF] = "RADIO_OFF";
	bitmapIdentifier[RADIO_ON] = "RADIO_ON";
	bitmapIdentifier[BACKGROUND_BITMAP] = "BACKGROUND_BITMAP";
	bitmapIdentifier[BAR_BITMAP] = "BAR_BITMAP";
	bitmapIdentifier[KEY_BITMAP] = "KEY_BITMAP";
	bitmapIdentifier[CLAWSOFTWARE_BITMAP] = "CLAWSOFTWARE_BITMAP";
	bitmapIdentifier[CLAWSOFTWARE_MONO_BITMAP] = "CLAWSOFTWARE_MONO_BITMAP";
	bitmapIdentifier[NEW_BITMAP] = "NEW_BITMAP";
	bitmapIdentifier[LOAD_BITMAP] = "LOAD_BITMAP";
	bitmapIdentifier[SAVE_BITMAP] = "SAVE_BITMAP";
	bitmapIdentifier[REFRESH_BITMAP] = "REFRESH_BITMAP";
	bitmapIdentifier[BACK_BITMAP] = "BACK_BITMAP";
	bitmapIdentifier[FORWARD_BITMAP] = "FORWARD_BITMAP";
	bitmapIdentifier[ADD_BITMAP] = "ADD_BITMAP";
	bitmapIdentifier[DELETE_BITMAP] = "DELETE_BITMAP";
	bitmapIdentifier[HELP_BITMAP] = "HELP_BITMAP";
	bitmapIdentifier[MAP_BITMAP] = "MAP_BITMAP";
	bitmapIdentifier[SETTING_BITMAP] = "SETTING_BITMAP";
	bitmapIdentifier[BACKGROUND_WH40K_BITMAP] = "BACKGROUND_WH40K_BITMAP";
	bitmapIdentifier[BULLET_BITMAP] = "BULLET_BITMAP";
	bitmapIdentifier[SCORE_ACTIVE_BITMAP] = "SCORE_ACTIVE_BITMAP";
	bitmapIdentifier[SCORE_EMPTY_BITMAP] = "SCORE_EMPTY_BITMAP";
	bitmapIdentifier[FORCE_WINDOW_BITMAP] = "FORCE_WINDOW_BITMAP";
	bitmapIdentifier[BODIAGRAM_WINDOW_BITMAP] = "BODIAGRAM_WINDOW_BITMAP";
	bitmapIdentifier[BOGRAPH_WINDOW_BITMAP] = "BOGRAPH_WINDOW_BITMAP";
	bitmapIdentifier[BO_WINDOW_BITMAP] = "BO_WINDOW_BITMAP";
	bitmapIdentifier[CLEMENS_BITMAP] = "CLEMENS_BITMAP";
